<?xml version="1.0" encoding="UTF-8"?>
<!-- Generated by org.testng.reporters.JUnitReportReporter -->
<testsuite hostname="CBELAP-054" name="BWV_Package.Report_generate" tests="8" failures="0" timestamp="22 May 2019 07:29:19 GMT" time="0.604" errors="0">
  <testcase name="Write_Tot_Cont_off_wise" time="0.011" classname="BWV_Package.Report_generate"/>
  <testcase name="Get_values" time="0.142" classname="BWV_Package.Report_generate"/>
  <testcase name="Write_Totrecords" time="0.271" classname="BWV_Package.Report_generate"/>
  <testcase name="Generate_Token" time="0.043" classname="BWV_Package.Report_generate"/>
  <testcase name="Write_Totalaction" time="0.005" classname="BWV_Package.Report_generate"/>
  <testcase name="Write_Totalcount" time="0.007" classname="BWV_Package.Report_generate"/>
  <testcase name="Properties_config" time="0.008" classname="BWV_Package.Report_generate"/>
  <testcase name="Write_allfiles" time="0.117" classname="BWV_Package.Report_generate"/>
</testsuite>
