<?xml version="1.0" encoding="UTF-8"?>
<!-- Generated by org.testng.reporters.JUnitReportReporter -->
<testsuite hostname="CBELAP-054" name="BWV_Package.Report_generate" tests="8" failures="0" timestamp="22 May 2019 06:03:54 GMT" time="0.592" errors="0">
  <testcase name="Get_values" time="0.123" classname="BWV_Package.Report_generate"/>
  <testcase name="Write_Tot_Cont_off_wise" time="0.016" classname="BWV_Package.Report_generate"/>
  <testcase name="Write_Totrecords" time="0.266" classname="BWV_Package.Report_generate"/>
  <testcase name="Generate_Token" time="0.032" classname="BWV_Package.Report_generate"/>
  <testcase name="Write_Totalaction" time="0.015" classname="BWV_Package.Report_generate"/>
  <testcase name="Properties_config" time="0.015" classname="BWV_Package.Report_generate"/>
  <testcase name="Write_Totalcount" time="0.000" classname="BWV_Package.Report_generate"/>
  <testcase name="Write_allfiles" time="0.125" classname="BWV_Package.Report_generate"/>
</testsuite>
