<?xml version="1.0" encoding="UTF-8"?>
<!-- Generated by org.testng.reporters.JUnitReportReporter -->
<testsuite hostname="CBELAP-054" name="BWV_Package.Get_token" tests="1" failures="0" timestamp="23 May 2019 06:50:23 GMT" time="0.161" errors="0">
  <testcase name="Properties_config" time="0.161" classname="BWV_Package.Get_token"/>
</testsuite>
