<?xml version="1.0" encoding="UTF-8"?>
<!-- Generated by org.testng.reporters.JUnitReportReporter -->
<testsuite hostname="CBELAP-054" name="BWV_Package.Send_Email" tests="3" failures="0" timestamp="23 May 2019 06:50:23 GMT" time="2.495" errors="0">
  <testcase name="Properties_config" time="0.035" classname="BWV_Package.Send_Email"/>
  <testcase name="mail_configuration" time="2.459" classname="BWV_Package.Send_Email"/>
  <testcase name="get_results" time="0.001" classname="BWV_Package.Send_Email"/>
</testsuite>
