<?xml version="1.0" encoding="UTF-8"?>
<!-- Generated by org.testng.reporters.JUnitReportReporter -->
<testsuite hostname="CBELAP-054" name="BWV_Package.Report_generate" tests="8" failures="0" timestamp="23 May 2019 06:50:23 GMT" time="8.612" errors="0">
  <testcase name="Write_Tot_Cont_off_wise" time="0.016" classname="BWV_Package.Report_generate"/>
  <testcase name="Get_values" time="1.312" classname="BWV_Package.Report_generate"/>
  <testcase name="Write_Totrecords" time="0.872" classname="BWV_Package.Report_generate"/>
  <testcase name="Generate_Token" time="6.168" classname="BWV_Package.Report_generate"/>
  <testcase name="Write_Totalaction" time="0.005" classname="BWV_Package.Report_generate"/>
  <testcase name="Write_Totalcount" time="0.009" classname="BWV_Package.Report_generate"/>
  <testcase name="Properties_config" time="0.008" classname="BWV_Package.Report_generate"/>
  <testcase name="Write_allfiles" time="0.222" classname="BWV_Package.Report_generate"/>
</testsuite>
