<?xml version="1.0" encoding="UTF-8"?>
<!-- Generated by org.testng.reporters.JUnitReportReporter -->
<testsuite hostname="CBEDSK-07" name="NPD_Master_Menus.Master_Ser_item_category" tests="4" failures="0" timestamp="8 May 2019 07:19:03 GMT" time="21.245" errors="0">
  <testcase name="Open_ser_item_menu" time="5.561" classname="NPD_Master_Menus.Master_Ser_item_category"/>
  <testcase name="Edit_new_ser_item_category" time="4.436" classname="NPD_Master_Menus.Master_Ser_item_category"/>
  <testcase name="Delete_new_ser_item_category" time="8.826" classname="NPD_Master_Menus.Master_Ser_item_category"/>
  <testcase name="Add_new_ser_item_category" time="2.422" classname="NPD_Master_Menus.Master_Ser_item_category"/>
</testsuite> <!-- NPD_Master_Menus.Master_Ser_item_category -->
