<?xml version="1.0" encoding="UTF-8"?>
<!-- Generated by org.testng.reporters.JUnitReportReporter -->
<testsuite hostname="CBEDSK-07" name="Browser.Logout" tests="1" failures="0" timestamp="8 May 2019 07:19:03 GMT" time="1.734" errors="0">
  <testcase name="logout" time="1.734" classname="Browser.Logout"/>
</testsuite> <!-- Browser.Logout -->
