<?xml version="1.0" encoding="UTF-8"?>
<!-- Generated by org.testng.reporters.JUnitReportReporter -->
<testsuite hostname="CBEDSK-07" name="Job_Menus.job_list_Add" tests="1" failures="0" timestamp="8 May 2019 07:19:03 GMT" time="5.601" errors="0">
  <testcase name="selectJoblist_menu" time="5.601" classname="Job_Menus.job_list_Add"/>
</testsuite> <!-- Job_Menus.job_list_Add -->
