<?xml version="1.0" encoding="UTF-8"?>
<!-- Generated by org.testng.reporters.JUnitReportReporter -->
<testsuite hostname="CBEDSK-07" name="Browser.Login" tests="1" failures="0" timestamp="8 May 2019 07:19:03 GMT" time="16.138" errors="0">
  <testcase name="NPD_Login" time="16.138" classname="Browser.Login"/>
</testsuite> <!-- Browser.Login -->
