<?xml version="1.0" encoding="UTF-8"?>
<!-- Generated by org.testng.reporters.JUnitReportReporter -->
<testsuite hostname="CBEDSK-07" name="Customer_menus.Customer" tests="4" failures="0" timestamp="8 May 2019 07:19:03 GMT" time="22.277" errors="0">
  <testcase name="Editnewcustomer" time="4.780" classname="Customer_menus.Customer"/>
  <testcase name="Deletenewcustomer" time="1.875" classname="Customer_menus.Customer"/>
  <testcase name="customer_menu" time="5.499" classname="Customer_menus.Customer"/>
  <testcase name="addnewcustomer" time="10.123" classname="Customer_menus.Customer"/>
</testsuite> <!-- Customer_menus.Customer -->
