<?xml version="1.0" encoding="UTF-8"?>
<!-- Generated by org.testng.reporters.JUnitReportReporter -->
<testsuite hostname="CBEDSK-07" name="NPD_Master_Menus.Master_Service_Item" tests="4" failures="0" timestamp="8 May 2019 07:19:02 GMT" time="18.684" errors="0">
  <testcase name="Open_ser_item_menu" time="2.640" classname="NPD_Master_Menus.Master_Service_Item"/>
  <testcase name="Add_new_ser_item" time="5.718" classname="NPD_Master_Menus.Master_Service_Item"/>
  <testcase name="Delete_new_ser_item" time="1.859" classname="NPD_Master_Menus.Master_Service_Item"/>
  <testcase name="Edit_new_ser_item" time="8.467" classname="NPD_Master_Menus.Master_Service_Item"/>
</testsuite> <!-- NPD_Master_Menus.Master_Service_Item -->
