<?xml version="1.0" encoding="UTF-8"?>
<!-- Generated by org.testng.reporters.JUnitReportReporter -->
<testsuite hostname="CBEDSK-07" name="NPD_Master_Menus.Master_Asset" tests="4" failures="0" timestamp="8 May 2019 07:19:03 GMT" time="44.123" errors="0">
  <testcase name="Asset_delete" time="12.154" classname="NPD_Master_Menus.Master_Asset"/>
  <testcase name="Asset_Edit" time="11.375" classname="NPD_Master_Menus.Master_Asset"/>
  <testcase name="Asset_Insert" time="9.800" classname="NPD_Master_Menus.Master_Asset"/>
  <testcase name="OpenAssetmenu" time="10.794" classname="NPD_Master_Menus.Master_Asset"/>
</testsuite> <!-- NPD_Master_Menus.Master_Asset -->
