<?xml version="1.0" encoding="UTF-8"?>
<!-- Generated by org.testng.reporters.JUnitReportReporter -->
<testsuite hostname="CBEDSK-07" name="NPD_Master_Menus.Master_Asset_Type" tests="4" failures="0" timestamp="8 May 2019 07:19:02 GMT" time="8.030" errors="0">
  <testcase name="Addnewassettype" time="1.952" classname="NPD_Master_Menus.Master_Asset_Type"/>
  <testcase name="selectAssettypemenu" time="1.344" classname="NPD_Master_Menus.Master_Asset_Type"/>
  <testcase name="DeleteAssettype" time="2.234" classname="NPD_Master_Menus.Master_Asset_Type"/>
  <testcase name="Editassettype" time="2.500" classname="NPD_Master_Menus.Master_Asset_Type"/>
</testsuite> <!-- NPD_Master_Menus.Master_Asset_Type -->
