<?xml version="1.0" encoding="UTF-8"?>
<!-- Generated by org.testng.reporters.JUnitReportReporter -->
<testsuite skipped="0" hostname="CBELAP-054" name="Job_Manus.job_list" tests="2" failures="0" timestamp="12 Mar 2019 04:38:51 GMT" time="41.793" errors="0">
  <testcase name="selectJoblist_menu" time="4.206" classname="Job_Manus.job_list"/>
  <testcase name="Addnew_job" time="37.587" classname="Job_Manus.job_list"/>
</testsuite> <!-- Job_Manus.job_list -->
