<?xml version="1.0" encoding="UTF-8"?>
<!-- Generated by org.testng.reporters.JUnitReportReporter -->
<testsuite hostname="CBEDSK-07" name="Job_Menus.Job_list_Edit" tests="1" failures="0" timestamp="8 May 2019 07:19:02 GMT" time="72.917" errors="0">
  <testcase name="Edit_job_list" time="72.917" classname="Job_Menus.Job_list_Edit"/>
</testsuite> <!-- Job_Menus.Job_list_Edit -->
